Performing C SOURCE FILE Test CMAKE_HAVE_LIBC_PTHREAD failed with the following output:
Change Dir: /home/shekoufeh/FIF_ws/src/rpg_information_field/act_map_exp/buuild/CMakeFiles/CMakeTmp

Run Build Command(s):/usr/bin/make cmTC_33f9e/fast && /usr/bin/make  -f CMakeFiles/cmTC_33f9e.dir/build.make CMakeFiles/cmTC_33f9e.dir/build
make[1]: Entering directory '/home/shekoufeh/FIF_ws/src/rpg_information_field/act_map_exp/buuild/CMakeFiles/CMakeTmp'
Building C object CMakeFiles/cmTC_33f9e.dir/src.c.o
/usr/bin/cc   -DCMAKE_HAVE_LIBC_PTHREAD   -o CMakeFiles/cmTC_33f9e.dir/src.c.o   -c /home/shekoufeh/FIF_ws/src/rpg_information_field/act_map_exp/buuild/CMakeFiles/CMakeTmp/src.c
Linking C executable cmTC_33f9e
/opt/cmake-3.16/bin/cmake -E cmake_link_script CMakeFiles/cmTC_33f9e.dir/link.txt --verbose=1
/usr/bin/cc  -DCMAKE_HAVE_LIBC_PTHREAD    -rdynamic CMakeFiles/cmTC_33f9e.dir/src.c.o  -o cmTC_33f9e 
CMakeFiles/cmTC_33f9e.dir/src.c.o: In function `main':
src.c:(.text+0x3e): undefined reference to `pthread_create'
src.c:(.text+0x4a): undefined reference to `pthread_detach'
src.c:(.text+0x5b): undefined reference to `pthread_join'
src.c:(.text+0x6f): undefined reference to `pthread_atfork'
collect2: error: ld returned 1 exit status
CMakeFiles/cmTC_33f9e.dir/build.make:89: recipe for target 'cmTC_33f9e' failed
make[1]: *** [cmTC_33f9e] Error 1
make[1]: Leaving directory '/home/shekoufeh/FIF_ws/src/rpg_information_field/act_map_exp/buuild/CMakeFiles/CMakeTmp'
Makefile:124: recipe for target 'cmTC_33f9e/fast' failed
make: *** [cmTC_33f9e/fast] Error 2


Source file was:
#include <pthread.h>

void* test_func(void* data)
{
  return data;
}

int main(void)
{
  pthread_t thread;
  pthread_create(&thread, NULL, test_func, NULL);
  pthread_detach(thread);
  pthread_join(thread, NULL);
  pthread_atfork(NULL, NULL, NULL);
  pthread_exit(NULL);

  return 0;
}

Determining if the function pthread_create exists in the pthreads failed with the following output:
Change Dir: /home/shekoufeh/FIF_ws/src/rpg_information_field/act_map_exp/buuild/CMakeFiles/CMakeTmp

Run Build Command(s):/usr/bin/make cmTC_a0228/fast && /usr/bin/make  -f CMakeFiles/cmTC_a0228.dir/build.make CMakeFiles/cmTC_a0228.dir/build
make[1]: Entering directory '/home/shekoufeh/FIF_ws/src/rpg_information_field/act_map_exp/buuild/CMakeFiles/CMakeTmp'
Building C object CMakeFiles/cmTC_a0228.dir/CheckFunctionExists.c.o
/usr/bin/cc   -DCHECK_FUNCTION_EXISTS=pthread_create   -o CMakeFiles/cmTC_a0228.dir/CheckFunctionExists.c.o   -c /opt/cmake-3.16/share/cmake-3.16/Modules/CheckFunctionExists.c
Linking C executable cmTC_a0228
/opt/cmake-3.16/bin/cmake -E cmake_link_script CMakeFiles/cmTC_a0228.dir/link.txt --verbose=1
/usr/bin/cc  -DCHECK_FUNCTION_EXISTS=pthread_create    -rdynamic CMakeFiles/cmTC_a0228.dir/CheckFunctionExists.c.o  -o cmTC_a0228  -lpthreads 
/usr/bin/ld: cannot find -lpthreads
collect2: error: ld returned 1 exit status
CMakeFiles/cmTC_a0228.dir/build.make:89: recipe for target 'cmTC_a0228' failed
make[1]: *** [cmTC_a0228] Error 1
make[1]: Leaving directory '/home/shekoufeh/FIF_ws/src/rpg_information_field/act_map_exp/buuild/CMakeFiles/CMakeTmp'
Makefile:124: recipe for target 'cmTC_a0228/fast' failed
make: *** [cmTC_a0228/fast] Error 2



